C:\Users\alviorken\source\repos\YDSMobile\YDSMobile\metronic\src\plugins\formvalidation\src\js\algorithms\luhn.js
C:\Users\alviorken\source\repos\YDSMobile\YDSMobile\metronic\src\plugins\formvalidation\src\js\algorithms\luhn.js.map
C:\Users\alviorken\source\repos\YDSMobile\YDSMobile\metronic\src\plugins\formvalidation\src\js\algorithms\mod11And10.js
C:\Users\alviorken\source\repos\YDSMobile\YDSMobile\metronic\src\plugins\formvalidation\src\js\algorithms\mod11And10.js.map
C:\Users\alviorken\source\repos\YDSMobile\YDSMobile\metronic\src\plugins\formvalidation\src\js\algorithms\mod37And36.js
C:\Users\alviorken\source\repos\YDSMobile\YDSMobile\metronic\src\plugins\formvalidation\src\js\algorithms\mod37And36.js.map
C:\Users\alviorken\source\repos\YDSMobile\YDSMobile\metronic\src\plugins\formvalidation\src\js\algorithms\verhoeff.js
C:\Users\alviorken\source\repos\YDSMobile\YDSMobile\metronic\src\plugins\formvalidation\src\js\algorithms\verhoeff.js.map
C:\Users\alviorken\source\repos\YDSMobile\YDSMobile\metronic\src\plugins\formvalidation\src\js\algorithms\index.js
C:\Users\alviorken\source\repos\YDSMobile\YDSMobile\metronic\src\plugins\formvalidation\src\js\algorithms\index.js.map
C:\Users\alviorken\source\repos\YDSMobile\YDSMobile\metronic\src\plugins\formvalidation\src\js\algorithms\mod97And10.js
C:\Users\alviorken\source\repos\YDSMobile\YDSMobile\metronic\src\plugins\formvalidation\src\js\algorithms\mod97And10.js.map
C:\Users\alviorken\source\repos\YDSMobile\YDSMobile\metronic\src\plugins\formvalidation\src\js\core\emitter.js
C:\Users\alviorken\source\repos\YDSMobile\YDSMobile\metronic\src\plugins\formvalidation\src\js\core\emitter.js.map
C:\Users\alviorken\source\repos\YDSMobile\YDSMobile\metronic\src\plugins\formvalidation\src\js\core\filter.js
C:\Users\alviorken\source\repos\YDSMobile\YDSMobile\metronic\src\plugins\formvalidation\src\js\core\filter.js.map
C:\Users\alviorken\source\repos\YDSMobile\YDSMobile\metronic\src\plugins\formvalidation\src\js\core\Plugin.js
C:\Users\alviorken\source\repos\YDSMobile\YDSMobile\metronic\src\plugins\formvalidation\src\js\core\Plugin.js.map
C:\Users\alviorken\source\repos\YDSMobile\YDSMobile\metronic\src\plugins\formvalidation\src\js\filters\getFieldValue.js
C:\Users\alviorken\source\repos\YDSMobile\YDSMobile\metronic\src\plugins\formvalidation\src\js\filters\getFieldValue.js.map
C:\Users\alviorken\source\repos\YDSMobile\YDSMobile\metronic\src\plugins\formvalidation\src\js\utils\format.js
C:\Users\alviorken\source\repos\YDSMobile\YDSMobile\metronic\src\plugins\formvalidation\src\js\utils\format.js.map
C:\Users\alviorken\source\repos\YDSMobile\YDSMobile\metronic\src\plugins\formvalidation\src\js\validators\between.js
C:\Users\alviorken\source\repos\YDSMobile\YDSMobile\metronic\src\plugins\formvalidation\src\js\validators\between.js.map
C:\Users\alviorken\source\repos\YDSMobile\YDSMobile\metronic\src\plugins\formvalidation\src\js\validators\blank.js
C:\Users\alviorken\source\repos\YDSMobile\YDSMobile\metronic\src\plugins\formvalidation\src\js\validators\blank.js.map
C:\Users\alviorken\source\repos\YDSMobile\YDSMobile\metronic\src\plugins\formvalidation\src\js\utils\call.js
C:\Users\alviorken\source\repos\YDSMobile\YDSMobile\metronic\src\plugins\formvalidation\src\js\utils\call.js.map
C:\Users\alviorken\source\repos\YDSMobile\YDSMobile\metronic\src\plugins\formvalidation\src\js\validators\callback.js
C:\Users\alviorken\source\repos\YDSMobile\YDSMobile\metronic\src\plugins\formvalidation\src\js\validators\callback.js.map
C:\Users\alviorken\source\repos\YDSMobile\YDSMobile\metronic\src\plugins\formvalidation\src\js\validators\choice.js
C:\Users\alviorken\source\repos\YDSMobile\YDSMobile\metronic\src\plugins\formvalidation\src\js\validators\choice.js.map
C:\Users\alviorken\source\repos\YDSMobile\YDSMobile\metronic\src\plugins\formvalidation\src\js\validators\creditCard.js
C:\Users\alviorken\source\repos\YDSMobile\YDSMobile\metronic\src\plugins\formvalidation\src\js\validators\creditCard.js.map
C:\Users\alviorken\source\repos\YDSMobile\YDSMobile\metronic\src\plugins\formvalidation\src\js\utils\isValidDate.js
C:\Users\alviorken\source\repos\YDSMobile\YDSMobile\metronic\src\plugins\formvalidation\src\js\utils\isValidDate.js.map
C:\Users\alviorken\source\repos\YDSMobile\YDSMobile\metronic\src\plugins\formvalidation\src\js\validators\date.js
C:\Users\alviorken\source\repos\YDSMobile\YDSMobile\metronic\src\plugins\formvalidation\src\js\validators\date.js.map
C:\Users\alviorken\source\repos\YDSMobile\YDSMobile\metronic\src\plugins\formvalidation\src\js\validators\different.js
C:\Users\alviorken\source\repos\YDSMobile\YDSMobile\metronic\src\plugins\formvalidation\src\js\validators\different.js.map
C:\Users\alviorken\source\repos\YDSMobile\YDSMobile\metronic\src\plugins\formvalidation\src\js\validators\digits.js
C:\Users\alviorken\source\repos\YDSMobile\YDSMobile\metronic\src\plugins\formvalidation\src\js\validators\digits.js.map
C:\Users\alviorken\source\repos\YDSMobile\YDSMobile\metronic\src\plugins\formvalidation\src\js\validators\emailAddress.js
C:\Users\alviorken\source\repos\YDSMobile\YDSMobile\metronic\src\plugins\formvalidation\src\js\validators\emailAddress.js.map
C:\Users\alviorken\source\repos\YDSMobile\YDSMobile\metronic\src\plugins\formvalidation\src\js\validators\file.js
C:\Users\alviorken\source\repos\YDSMobile\YDSMobile\metronic\src\plugins\formvalidation\src\js\validators\file.js.map
C:\Users\alviorken\source\repos\YDSMobile\YDSMobile\metronic\src\plugins\formvalidation\src\js\validators\greaterThan.js
C:\Users\alviorken\source\repos\YDSMobile\YDSMobile\metronic\src\plugins\formvalidation\src\js\validators\greaterThan.js.map
C:\Users\alviorken\source\repos\YDSMobile\YDSMobile\metronic\src\plugins\formvalidation\src\js\validators\identical.js
C:\Users\alviorken\source\repos\YDSMobile\YDSMobile\metronic\src\plugins\formvalidation\src\js\validators\identical.js.map
C:\Users\alviorken\source\repos\YDSMobile\YDSMobile\metronic\src\plugins\formvalidation\src\js\validators\integer.js
C:\Users\alviorken\source\repos\YDSMobile\YDSMobile\metronic\src\plugins\formvalidation\src\js\validators\integer.js.map
C:\Users\alviorken\source\repos\YDSMobile\YDSMobile\metronic\src\plugins\formvalidation\src\js\validators\ip.js
C:\Users\alviorken\source\repos\YDSMobile\YDSMobile\metronic\src\plugins\formvalidation\src\js\validators\ip.js.map
C:\Users\alviorken\source\repos\YDSMobile\YDSMobile\metronic\src\plugins\formvalidation\src\js\validators\lessThan.js
C:\Users\alviorken\source\repos\YDSMobile\YDSMobile\metronic\src\plugins\formvalidation\src\js\validators\lessThan.js.map
C:\Users\alviorken\source\repos\YDSMobile\YDSMobile\metronic\src\plugins\formvalidation\src\js\validators\notEmpty.js
C:\Users\alviorken\source\repos\YDSMobile\YDSMobile\metronic\src\plugins\formvalidation\src\js\validators\notEmpty.js.map
C:\Users\alviorken\source\repos\YDSMobile\YDSMobile\metronic\src\plugins\formvalidation\src\js\validators\numeric.js
C:\Users\alviorken\source\repos\YDSMobile\YDSMobile\metronic\src\plugins\formvalidation\src\js\validators\numeric.js.map
C:\Users\alviorken\source\repos\YDSMobile\YDSMobile\metronic\src\plugins\formvalidation\src\js\validators\promise.js
C:\Users\alviorken\source\repos\YDSMobile\YDSMobile\metronic\src\plugins\formvalidation\src\js\validators\promise.js.map
C:\Users\alviorken\source\repos\YDSMobile\YDSMobile\metronic\src\plugins\formvalidation\src\js\validators\regexp.js
C:\Users\alviorken\source\repos\YDSMobile\YDSMobile\metronic\src\plugins\formvalidation\src\js\validators\regexp.js.map
C:\Users\alviorken\source\repos\YDSMobile\YDSMobile\metronic\src\plugins\formvalidation\src\js\utils\fetch.js
C:\Users\alviorken\source\repos\YDSMobile\YDSMobile\metronic\src\plugins\formvalidation\src\js\utils\fetch.js.map
C:\Users\alviorken\source\repos\YDSMobile\YDSMobile\metronic\src\plugins\formvalidation\src\js\validators\remote.js
C:\Users\alviorken\source\repos\YDSMobile\YDSMobile\metronic\src\plugins\formvalidation\src\js\validators\remote.js.map
C:\Users\alviorken\source\repos\YDSMobile\YDSMobile\metronic\src\plugins\formvalidation\src\js\validators\stringCase.js
C:\Users\alviorken\source\repos\YDSMobile\YDSMobile\metronic\src\plugins\formvalidation\src\js\validators\stringCase.js.map
C:\Users\alviorken\source\repos\YDSMobile\YDSMobile\metronic\src\plugins\formvalidation\src\js\validators\stringLength.js
C:\Users\alviorken\source\repos\YDSMobile\YDSMobile\metronic\src\plugins\formvalidation\src\js\validators\stringLength.js.map
C:\Users\alviorken\source\repos\YDSMobile\YDSMobile\metronic\src\plugins\formvalidation\src\js\validators\uri.js
C:\Users\alviorken\source\repos\YDSMobile\YDSMobile\metronic\src\plugins\formvalidation\src\js\validators\uri.js.map
C:\Users\alviorken\source\repos\YDSMobile\YDSMobile\metronic\src\plugins\formvalidation\src\js\validators\index.js
C:\Users\alviorken\source\repos\YDSMobile\YDSMobile\metronic\src\plugins\formvalidation\src\js\validators\index.js.map
C:\Users\alviorken\source\repos\YDSMobile\YDSMobile\metronic\src\plugins\formvalidation\src\js\core\Core.js
C:\Users\alviorken\source\repos\YDSMobile\YDSMobile\metronic\src\plugins\formvalidation\src\js\core\Core.js.map
C:\Users\alviorken\source\repos\YDSMobile\YDSMobile\metronic\src\plugins\formvalidation\src\js\core\index.js
C:\Users\alviorken\source\repos\YDSMobile\YDSMobile\metronic\src\plugins\formvalidation\src\js\core\index.js.map
C:\Users\alviorken\source\repos\YDSMobile\YDSMobile\metronic\src\plugins\formvalidation\src\js\filters\index.js
C:\Users\alviorken\source\repos\YDSMobile\YDSMobile\metronic\src\plugins\formvalidation\src\js\filters\index.js.map
C:\Users\alviorken\source\repos\YDSMobile\YDSMobile\metronic\src\plugins\formvalidation\src\js\plugins\Alias.js
C:\Users\alviorken\source\repos\YDSMobile\YDSMobile\metronic\src\plugins\formvalidation\src\js\plugins\Alias.js.map
C:\Users\alviorken\source\repos\YDSMobile\YDSMobile\metronic\src\plugins\formvalidation\src\js\utils\classSet.js
C:\Users\alviorken\source\repos\YDSMobile\YDSMobile\metronic\src\plugins\formvalidation\src\js\utils\classSet.js.map
C:\Users\alviorken\source\repos\YDSMobile\YDSMobile\metronic\src\plugins\formvalidation\src\js\plugins\Message.js
C:\Users\alviorken\source\repos\YDSMobile\YDSMobile\metronic\src\plugins\formvalidation\src\js\plugins\Message.js.map
C:\Users\alviorken\source\repos\YDSMobile\YDSMobile\metronic\src\plugins\formvalidation\src\js\plugins\Aria.js
C:\Users\alviorken\source\repos\YDSMobile\YDSMobile\metronic\src\plugins\formvalidation\src\js\plugins\Aria.js.map
C:\Users\alviorken\source\repos\YDSMobile\YDSMobile\metronic\src\plugins\formvalidation\src\js\plugins\Declarative.js
C:\Users\alviorken\source\repos\YDSMobile\YDSMobile\metronic\src\plugins\formvalidation\src\js\plugins\Declarative.js.map
C:\Users\alviorken\source\repos\YDSMobile\YDSMobile\metronic\src\plugins\formvalidation\src\js\plugins\DefaultSubmit.js
C:\Users\alviorken\source\repos\YDSMobile\YDSMobile\metronic\src\plugins\formvalidation\src\js\plugins\DefaultSubmit.js.map
C:\Users\alviorken\source\repos\YDSMobile\YDSMobile\metronic\src\plugins\formvalidation\src\js\plugins\Trigger.js
C:\Users\alviorken\source\repos\YDSMobile\YDSMobile\metronic\src\plugins\formvalidation\src\js\plugins\Trigger.js.map
C:\Users\alviorken\source\repos\YDSMobile\YDSMobile\metronic\src\plugins\formvalidation\src\js\plugins\Dependency.js
C:\Users\alviorken\source\repos\YDSMobile\YDSMobile\metronic\src\plugins\formvalidation\src\js\plugins\Dependency.js.map
C:\Users\alviorken\source\repos\YDSMobile\YDSMobile\metronic\src\plugins\formvalidation\src\js\plugins\Excluded.js
C:\Users\alviorken\source\repos\YDSMobile\YDSMobile\metronic\src\plugins\formvalidation\src\js\plugins\Excluded.js.map
C:\Users\alviorken\source\repos\YDSMobile\YDSMobile\metronic\src\plugins\formvalidation\src\js\plugins\FieldStatus.js
C:\Users\alviorken\source\repos\YDSMobile\YDSMobile\metronic\src\plugins\formvalidation\src\js\plugins\FieldStatus.js.map
C:\Users\alviorken\source\repos\YDSMobile\YDSMobile\metronic\src\plugins\formvalidation\src\js\utils\closest.js
C:\Users\alviorken\source\repos\YDSMobile\YDSMobile\metronic\src\plugins\formvalidation\src\js\utils\closest.js.map
C:\Users\alviorken\source\repos\YDSMobile\YDSMobile\metronic\src\plugins\formvalidation\src\js\plugins\Icon.js
C:\Users\alviorken\source\repos\YDSMobile\YDSMobile\metronic\src\plugins\formvalidation\src\js\plugins\Icon.js.map
C:\Users\alviorken\source\repos\YDSMobile\YDSMobile\metronic\src\plugins\formvalidation\src\js\plugins\Framework.js
C:\Users\alviorken\source\repos\YDSMobile\YDSMobile\metronic\src\plugins\formvalidation\src\js\plugins\Framework.js.map
C:\Users\alviorken\source\repos\YDSMobile\YDSMobile\metronic\src\plugins\formvalidation\src\js\plugins\Sequence.js
C:\Users\alviorken\source\repos\YDSMobile\YDSMobile\metronic\src\plugins\formvalidation\src\js\plugins\Sequence.js.map
C:\Users\alviorken\source\repos\YDSMobile\YDSMobile\metronic\src\plugins\formvalidation\src\js\plugins\SubmitButton.js
C:\Users\alviorken\source\repos\YDSMobile\YDSMobile\metronic\src\plugins\formvalidation\src\js\plugins\SubmitButton.js.map
C:\Users\alviorken\source\repos\YDSMobile\YDSMobile\metronic\src\plugins\formvalidation\src\js\plugins\Tooltip.js
C:\Users\alviorken\source\repos\YDSMobile\YDSMobile\metronic\src\plugins\formvalidation\src\js\plugins\Tooltip.js.map
C:\Users\alviorken\source\repos\YDSMobile\YDSMobile\metronic\src\plugins\formvalidation\src\js\plugins\index.js
C:\Users\alviorken\source\repos\YDSMobile\YDSMobile\metronic\src\plugins\formvalidation\src\js\plugins\index.js.map
C:\Users\alviorken\source\repos\YDSMobile\YDSMobile\metronic\src\plugins\formvalidation\src\js\utils\hasClass.js
C:\Users\alviorken\source\repos\YDSMobile\YDSMobile\metronic\src\plugins\formvalidation\src\js\utils\hasClass.js.map
C:\Users\alviorken\source\repos\YDSMobile\YDSMobile\metronic\src\plugins\formvalidation\src\js\utils\index.js
C:\Users\alviorken\source\repos\YDSMobile\YDSMobile\metronic\src\plugins\formvalidation\src\js\utils\index.js.map
C:\Users\alviorken\source\repos\YDSMobile\YDSMobile\metronic\src\plugins\formvalidation\src\js\index.js
C:\Users\alviorken\source\repos\YDSMobile\YDSMobile\metronic\src\plugins\formvalidation\src\js\index.js.map
C:\Users\alviorken\source\repos\YDSMobile\YDSMobile\metronic\src\plugins\formvalidation\src\js\locales\ar_MA.js
C:\Users\alviorken\source\repos\YDSMobile\YDSMobile\metronic\src\plugins\formvalidation\src\js\locales\ar_MA.js.map
C:\Users\alviorken\source\repos\YDSMobile\YDSMobile\metronic\src\plugins\formvalidation\src\js\locales\bg_BG.js
C:\Users\alviorken\source\repos\YDSMobile\YDSMobile\metronic\src\plugins\formvalidation\src\js\locales\bg_BG.js.map
C:\Users\alviorken\source\repos\YDSMobile\YDSMobile\metronic\src\plugins\formvalidation\src\js\locales\ca_ES.js
C:\Users\alviorken\source\repos\YDSMobile\YDSMobile\metronic\src\plugins\formvalidation\src\js\locales\ca_ES.js.map
C:\Users\alviorken\source\repos\YDSMobile\YDSMobile\metronic\src\plugins\formvalidation\src\js\locales\cs_CZ.js
C:\Users\alviorken\source\repos\YDSMobile\YDSMobile\metronic\src\plugins\formvalidation\src\js\locales\cs_CZ.js.map
C:\Users\alviorken\source\repos\YDSMobile\YDSMobile\metronic\src\plugins\formvalidation\src\js\locales\da_DK.js
C:\Users\alviorken\source\repos\YDSMobile\YDSMobile\metronic\src\plugins\formvalidation\src\js\locales\da_DK.js.map
C:\Users\alviorken\source\repos\YDSMobile\YDSMobile\metronic\src\plugins\formvalidation\src\js\locales\de_DE.js
C:\Users\alviorken\source\repos\YDSMobile\YDSMobile\metronic\src\plugins\formvalidation\src\js\locales\de_DE.js.map
C:\Users\alviorken\source\repos\YDSMobile\YDSMobile\metronic\src\plugins\formvalidation\src\js\locales\el_GR.js
C:\Users\alviorken\source\repos\YDSMobile\YDSMobile\metronic\src\plugins\formvalidation\src\js\locales\el_GR.js.map
C:\Users\alviorken\source\repos\YDSMobile\YDSMobile\metronic\src\plugins\formvalidation\src\js\locales\en_US.js
C:\Users\alviorken\source\repos\YDSMobile\YDSMobile\metronic\src\plugins\formvalidation\src\js\locales\en_US.js.map
C:\Users\alviorken\source\repos\YDSMobile\YDSMobile\metronic\src\plugins\formvalidation\src\js\locales\es_CL.js
C:\Users\alviorken\source\repos\YDSMobile\YDSMobile\metronic\src\plugins\formvalidation\src\js\locales\es_CL.js.map
C:\Users\alviorken\source\repos\YDSMobile\YDSMobile\metronic\src\plugins\formvalidation\src\js\locales\es_ES.js
C:\Users\alviorken\source\repos\YDSMobile\YDSMobile\metronic\src\plugins\formvalidation\src\js\locales\es_ES.js.map
C:\Users\alviorken\source\repos\YDSMobile\YDSMobile\metronic\src\plugins\formvalidation\src\js\locales\eu_ES.js
C:\Users\alviorken\source\repos\YDSMobile\YDSMobile\metronic\src\plugins\formvalidation\src\js\locales\eu_ES.js.map
C:\Users\alviorken\source\repos\YDSMobile\YDSMobile\metronic\src\plugins\formvalidation\src\js\locales\fa_IR.js
C:\Users\alviorken\source\repos\YDSMobile\YDSMobile\metronic\src\plugins\formvalidation\src\js\locales\fa_IR.js.map
C:\Users\alviorken\source\repos\YDSMobile\YDSMobile\metronic\src\plugins\formvalidation\src\js\locales\fi_FI.js
C:\Users\alviorken\source\repos\YDSMobile\YDSMobile\metronic\src\plugins\formvalidation\src\js\locales\fi_FI.js.map
C:\Users\alviorken\source\repos\YDSMobile\YDSMobile\metronic\src\plugins\formvalidation\src\js\locales\fr_BE.js
C:\Users\alviorken\source\repos\YDSMobile\YDSMobile\metronic\src\plugins\formvalidation\src\js\locales\fr_BE.js.map
C:\Users\alviorken\source\repos\YDSMobile\YDSMobile\metronic\src\plugins\formvalidation\src\js\locales\fr_FR.js
C:\Users\alviorken\source\repos\YDSMobile\YDSMobile\metronic\src\plugins\formvalidation\src\js\locales\fr_FR.js.map
C:\Users\alviorken\source\repos\YDSMobile\YDSMobile\metronic\src\plugins\formvalidation\src\js\locales\he_IL.js
C:\Users\alviorken\source\repos\YDSMobile\YDSMobile\metronic\src\plugins\formvalidation\src\js\locales\he_IL.js.map
C:\Users\alviorken\source\repos\YDSMobile\YDSMobile\metronic\src\plugins\formvalidation\src\js\locales\hi_IN.js
C:\Users\alviorken\source\repos\YDSMobile\YDSMobile\metronic\src\plugins\formvalidation\src\js\locales\hi_IN.js.map
C:\Users\alviorken\source\repos\YDSMobile\YDSMobile\metronic\src\plugins\formvalidation\src\js\locales\hu_HU.js
C:\Users\alviorken\source\repos\YDSMobile\YDSMobile\metronic\src\plugins\formvalidation\src\js\locales\hu_HU.js.map
C:\Users\alviorken\source\repos\YDSMobile\YDSMobile\metronic\src\plugins\formvalidation\src\js\locales\id_ID.js
C:\Users\alviorken\source\repos\YDSMobile\YDSMobile\metronic\src\plugins\formvalidation\src\js\locales\id_ID.js.map
C:\Users\alviorken\source\repos\YDSMobile\YDSMobile\metronic\src\plugins\formvalidation\src\js\locales\it_IT.js
C:\Users\alviorken\source\repos\YDSMobile\YDSMobile\metronic\src\plugins\formvalidation\src\js\locales\it_IT.js.map
C:\Users\alviorken\source\repos\YDSMobile\YDSMobile\metronic\src\plugins\formvalidation\src\js\locales\ja_JP.js
C:\Users\alviorken\source\repos\YDSMobile\YDSMobile\metronic\src\plugins\formvalidation\src\js\locales\ja_JP.js.map
C:\Users\alviorken\source\repos\YDSMobile\YDSMobile\metronic\src\plugins\formvalidation\src\js\locales\nl_BE.js
C:\Users\alviorken\source\repos\YDSMobile\YDSMobile\metronic\src\plugins\formvalidation\src\js\locales\nl_BE.js.map
C:\Users\alviorken\source\repos\YDSMobile\YDSMobile\metronic\src\plugins\formvalidation\src\js\locales\nl_NL.js
C:\Users\alviorken\source\repos\YDSMobile\YDSMobile\metronic\src\plugins\formvalidation\src\js\locales\nl_NL.js.map
C:\Users\alviorken\source\repos\YDSMobile\YDSMobile\metronic\src\plugins\formvalidation\src\js\locales\no_NO.js
C:\Users\alviorken\source\repos\YDSMobile\YDSMobile\metronic\src\plugins\formvalidation\src\js\locales\no_NO.js.map
C:\Users\alviorken\source\repos\YDSMobile\YDSMobile\metronic\src\plugins\formvalidation\src\js\locales\pl_PL.js
C:\Users\alviorken\source\repos\YDSMobile\YDSMobile\metronic\src\plugins\formvalidation\src\js\locales\pl_PL.js.map
C:\Users\alviorken\source\repos\YDSMobile\YDSMobile\metronic\src\plugins\formvalidation\src\js\locales\pt_BR.js
C:\Users\alviorken\source\repos\YDSMobile\YDSMobile\metronic\src\plugins\formvalidation\src\js\locales\pt_BR.js.map
C:\Users\alviorken\source\repos\YDSMobile\YDSMobile\metronic\src\plugins\formvalidation\src\js\locales\pt_PT.js
C:\Users\alviorken\source\repos\YDSMobile\YDSMobile\metronic\src\plugins\formvalidation\src\js\locales\pt_PT.js.map
C:\Users\alviorken\source\repos\YDSMobile\YDSMobile\metronic\src\plugins\formvalidation\src\js\locales\ro_RO.js
C:\Users\alviorken\source\repos\YDSMobile\YDSMobile\metronic\src\plugins\formvalidation\src\js\locales\ro_RO.js.map
C:\Users\alviorken\source\repos\YDSMobile\YDSMobile\metronic\src\plugins\formvalidation\src\js\locales\ru_RU.js
C:\Users\alviorken\source\repos\YDSMobile\YDSMobile\metronic\src\plugins\formvalidation\src\js\locales\ru_RU.js.map
C:\Users\alviorken\source\repos\YDSMobile\YDSMobile\metronic\src\plugins\formvalidation\src\js\locales\sk_SK.js
C:\Users\alviorken\source\repos\YDSMobile\YDSMobile\metronic\src\plugins\formvalidation\src\js\locales\sk_SK.js.map
C:\Users\alviorken\source\repos\YDSMobile\YDSMobile\metronic\src\plugins\formvalidation\src\js\locales\sq_AL.js
C:\Users\alviorken\source\repos\YDSMobile\YDSMobile\metronic\src\plugins\formvalidation\src\js\locales\sq_AL.js.map
C:\Users\alviorken\source\repos\YDSMobile\YDSMobile\metronic\src\plugins\formvalidation\src\js\locales\sr_RS.js
C:\Users\alviorken\source\repos\YDSMobile\YDSMobile\metronic\src\plugins\formvalidation\src\js\locales\sr_RS.js.map
C:\Users\alviorken\source\repos\YDSMobile\YDSMobile\metronic\src\plugins\formvalidation\src\js\locales\sv_SE.js
C:\Users\alviorken\source\repos\YDSMobile\YDSMobile\metronic\src\plugins\formvalidation\src\js\locales\sv_SE.js.map
C:\Users\alviorken\source\repos\YDSMobile\YDSMobile\metronic\src\plugins\formvalidation\src\js\locales\th_TH.js
C:\Users\alviorken\source\repos\YDSMobile\YDSMobile\metronic\src\plugins\formvalidation\src\js\locales\th_TH.js.map
C:\Users\alviorken\source\repos\YDSMobile\YDSMobile\metronic\src\plugins\formvalidation\src\js\locales\tr_TR.js
C:\Users\alviorken\source\repos\YDSMobile\YDSMobile\metronic\src\plugins\formvalidation\src\js\locales\tr_TR.js.map
C:\Users\alviorken\source\repos\YDSMobile\YDSMobile\metronic\src\plugins\formvalidation\src\js\locales\ua_UA.js
C:\Users\alviorken\source\repos\YDSMobile\YDSMobile\metronic\src\plugins\formvalidation\src\js\locales\ua_UA.js.map
C:\Users\alviorken\source\repos\YDSMobile\YDSMobile\metronic\src\plugins\formvalidation\src\js\locales\vi_VN.js
C:\Users\alviorken\source\repos\YDSMobile\YDSMobile\metronic\src\plugins\formvalidation\src\js\locales\vi_VN.js.map
C:\Users\alviorken\source\repos\YDSMobile\YDSMobile\metronic\src\plugins\formvalidation\src\js\locales\zh_CN.js
C:\Users\alviorken\source\repos\YDSMobile\YDSMobile\metronic\src\plugins\formvalidation\src\js\locales\zh_CN.js.map
C:\Users\alviorken\source\repos\YDSMobile\YDSMobile\metronic\src\plugins\formvalidation\src\js\locales\zh_TW.js
C:\Users\alviorken\source\repos\YDSMobile\YDSMobile\metronic\src\plugins\formvalidation\src\js\locales\zh_TW.js.map
C:\Users\alviorken\source\repos\YDSMobile\YDSMobile\metronic\src\plugins\formvalidation\src\js\plugins\AutoFocus.js
C:\Users\alviorken\source\repos\YDSMobile\YDSMobile\metronic\src\plugins\formvalidation\src\js\plugins\AutoFocus.js.map
C:\Users\alviorken\source\repos\YDSMobile\YDSMobile\metronic\src\plugins\formvalidation\src\js\plugins\Bootstrap.js
C:\Users\alviorken\source\repos\YDSMobile\YDSMobile\metronic\src\plugins\formvalidation\src\js\plugins\Bootstrap.js.map
C:\Users\alviorken\source\repos\YDSMobile\YDSMobile\metronic\src\plugins\formvalidation\src\js\plugins\Bootstrap3.js
C:\Users\alviorken\source\repos\YDSMobile\YDSMobile\metronic\src\plugins\formvalidation\src\js\plugins\Bootstrap3.js.map
C:\Users\alviorken\source\repos\YDSMobile\YDSMobile\metronic\src\plugins\formvalidation\src\js\plugins\Bulma.js
C:\Users\alviorken\source\repos\YDSMobile\YDSMobile\metronic\src\plugins\formvalidation\src\js\plugins\Bulma.js.map
C:\Users\alviorken\source\repos\YDSMobile\YDSMobile\metronic\src\plugins\formvalidation\src\js\plugins\Foundation.js
C:\Users\alviorken\source\repos\YDSMobile\YDSMobile\metronic\src\plugins\formvalidation\src\js\plugins\Foundation.js.map
C:\Users\alviorken\source\repos\YDSMobile\YDSMobile\metronic\src\plugins\formvalidation\src\js\plugins\InternationalTelephoneInput.js
C:\Users\alviorken\source\repos\YDSMobile\YDSMobile\metronic\src\plugins\formvalidation\src\js\plugins\InternationalTelephoneInput.js.map
C:\Users\alviorken\source\repos\YDSMobile\YDSMobile\metronic\src\plugins\formvalidation\src\js\plugins\J.js
C:\Users\alviorken\source\repos\YDSMobile\YDSMobile\metronic\src\plugins\formvalidation\src\js\plugins\J.js.map
C:\Users\alviorken\source\repos\YDSMobile\YDSMobile\metronic\src\plugins\formvalidation\src\js\plugins\L10n.js
C:\Users\alviorken\source\repos\YDSMobile\YDSMobile\metronic\src\plugins\formvalidation\src\js\plugins\L10n.js.map
C:\Users\alviorken\source\repos\YDSMobile\YDSMobile\metronic\src\plugins\formvalidation\src\js\plugins\Mailgun.js
C:\Users\alviorken\source\repos\YDSMobile\YDSMobile\metronic\src\plugins\formvalidation\src\js\plugins\Mailgun.js.map
C:\Users\alviorken\source\repos\YDSMobile\YDSMobile\metronic\src\plugins\formvalidation\src\js\plugins\MandatoryIcon.js
C:\Users\alviorken\source\repos\YDSMobile\YDSMobile\metronic\src\plugins\formvalidation\src\js\plugins\MandatoryIcon.js.map
C:\Users\alviorken\source\repos\YDSMobile\YDSMobile\metronic\src\plugins\formvalidation\src\js\plugins\Materialize.js
C:\Users\alviorken\source\repos\YDSMobile\YDSMobile\metronic\src\plugins\formvalidation\src\js\plugins\Materialize.js.map
C:\Users\alviorken\source\repos\YDSMobile\YDSMobile\metronic\src\plugins\formvalidation\src\js\plugins\Milligram.js
C:\Users\alviorken\source\repos\YDSMobile\YDSMobile\metronic\src\plugins\formvalidation\src\js\plugins\Milligram.js.map
C:\Users\alviorken\source\repos\YDSMobile\YDSMobile\metronic\src\plugins\formvalidation\src\js\plugins\Mini.js
C:\Users\alviorken\source\repos\YDSMobile\YDSMobile\metronic\src\plugins\formvalidation\src\js\plugins\Mini.js.map
C:\Users\alviorken\source\repos\YDSMobile\YDSMobile\metronic\src\plugins\formvalidation\src\js\plugins\Mui.js
C:\Users\alviorken\source\repos\YDSMobile\YDSMobile\metronic\src\plugins\formvalidation\src\js\plugins\Mui.js.map
C:\Users\alviorken\source\repos\YDSMobile\YDSMobile\metronic\src\plugins\formvalidation\src\js\plugins\PasswordStrength.js
C:\Users\alviorken\source\repos\YDSMobile\YDSMobile\metronic\src\plugins\formvalidation\src\js\plugins\PasswordStrength.js.map
C:\Users\alviorken\source\repos\YDSMobile\YDSMobile\metronic\src\plugins\formvalidation\src\js\plugins\Pure.js
C:\Users\alviorken\source\repos\YDSMobile\YDSMobile\metronic\src\plugins\formvalidation\src\js\plugins\Pure.js.map
C:\Users\alviorken\source\repos\YDSMobile\YDSMobile\metronic\src\plugins\formvalidation\src\js\plugins\Recaptcha.js
C:\Users\alviorken\source\repos\YDSMobile\YDSMobile\metronic\src\plugins\formvalidation\src\js\plugins\Recaptcha.js.map
C:\Users\alviorken\source\repos\YDSMobile\YDSMobile\metronic\src\plugins\formvalidation\src\js\plugins\Recaptcha3.js
C:\Users\alviorken\source\repos\YDSMobile\YDSMobile\metronic\src\plugins\formvalidation\src\js\plugins\Recaptcha3.js.map
C:\Users\alviorken\source\repos\YDSMobile\YDSMobile\metronic\src\plugins\formvalidation\src\js\plugins\Recaptcha3Token.js
C:\Users\alviorken\source\repos\YDSMobile\YDSMobile\metronic\src\plugins\formvalidation\src\js\plugins\Recaptcha3Token.js.map
C:\Users\alviorken\source\repos\YDSMobile\YDSMobile\metronic\src\plugins\formvalidation\src\js\plugins\Semantic.js
C:\Users\alviorken\source\repos\YDSMobile\YDSMobile\metronic\src\plugins\formvalidation\src\js\plugins\Semantic.js.map
C:\Users\alviorken\source\repos\YDSMobile\YDSMobile\metronic\src\plugins\formvalidation\src\js\plugins\Shoelace.js
C:\Users\alviorken\source\repos\YDSMobile\YDSMobile\metronic\src\plugins\formvalidation\src\js\plugins\Shoelace.js.map
C:\Users\alviorken\source\repos\YDSMobile\YDSMobile\metronic\src\plugins\formvalidation\src\js\plugins\Spectre.js
C:\Users\alviorken\source\repos\YDSMobile\YDSMobile\metronic\src\plugins\formvalidation\src\js\plugins\Spectre.js.map
C:\Users\alviorken\source\repos\YDSMobile\YDSMobile\metronic\src\plugins\formvalidation\src\js\plugins\StartEndDate.js
C:\Users\alviorken\source\repos\YDSMobile\YDSMobile\metronic\src\plugins\formvalidation\src\js\plugins\StartEndDate.js.map
C:\Users\alviorken\source\repos\YDSMobile\YDSMobile\metronic\src\plugins\formvalidation\src\js\plugins\Tachyons.js
C:\Users\alviorken\source\repos\YDSMobile\YDSMobile\metronic\src\plugins\formvalidation\src\js\plugins\Tachyons.js.map
C:\Users\alviorken\source\repos\YDSMobile\YDSMobile\metronic\src\plugins\formvalidation\src\js\plugins\Transformer.js
C:\Users\alviorken\source\repos\YDSMobile\YDSMobile\metronic\src\plugins\formvalidation\src\js\plugins\Transformer.js.map
C:\Users\alviorken\source\repos\YDSMobile\YDSMobile\metronic\src\plugins\formvalidation\src\js\plugins\Turret.js
C:\Users\alviorken\source\repos\YDSMobile\YDSMobile\metronic\src\plugins\formvalidation\src\js\plugins\Turret.js.map
C:\Users\alviorken\source\repos\YDSMobile\YDSMobile\metronic\src\plugins\formvalidation\src\js\plugins\TypingAnimation.js
C:\Users\alviorken\source\repos\YDSMobile\YDSMobile\metronic\src\plugins\formvalidation\src\js\plugins\TypingAnimation.js.map
C:\Users\alviorken\source\repos\YDSMobile\YDSMobile\metronic\src\plugins\formvalidation\src\js\plugins\Uikit.js
C:\Users\alviorken\source\repos\YDSMobile\YDSMobile\metronic\src\plugins\formvalidation\src\js\plugins\Uikit.js.map
C:\Users\alviorken\source\repos\YDSMobile\YDSMobile\metronic\src\plugins\formvalidation\src\js\plugins\Wizard.js
C:\Users\alviorken\source\repos\YDSMobile\YDSMobile\metronic\src\plugins\formvalidation\src\js\plugins\Wizard.js.map
C:\Users\alviorken\source\repos\YDSMobile\YDSMobile\metronic\src\plugins\formvalidation\src\js\validators\base64.js
C:\Users\alviorken\source\repos\YDSMobile\YDSMobile\metronic\src\plugins\formvalidation\src\js\validators\base64.js.map
C:\Users\alviorken\source\repos\YDSMobile\YDSMobile\metronic\src\plugins\formvalidation\src\js\validators\bic.js
C:\Users\alviorken\source\repos\YDSMobile\YDSMobile\metronic\src\plugins\formvalidation\src\js\validators\bic.js.map
C:\Users\alviorken\source\repos\YDSMobile\YDSMobile\metronic\src\plugins\formvalidation\src\js\validators\color.js
C:\Users\alviorken\source\repos\YDSMobile\YDSMobile\metronic\src\plugins\formvalidation\src\js\validators\color.js.map
C:\Users\alviorken\source\repos\YDSMobile\YDSMobile\metronic\src\plugins\formvalidation\src\js\validators\cusip.js
C:\Users\alviorken\source\repos\YDSMobile\YDSMobile\metronic\src\plugins\formvalidation\src\js\validators\cusip.js.map
C:\Users\alviorken\source\repos\YDSMobile\YDSMobile\metronic\src\plugins\formvalidation\src\js\validators\ean.js
C:\Users\alviorken\source\repos\YDSMobile\YDSMobile\metronic\src\plugins\formvalidation\src\js\validators\ean.js.map
C:\Users\alviorken\source\repos\YDSMobile\YDSMobile\metronic\src\plugins\formvalidation\src\js\validators\ein.js
C:\Users\alviorken\source\repos\YDSMobile\YDSMobile\metronic\src\plugins\formvalidation\src\js\validators\ein.js.map
C:\Users\alviorken\source\repos\YDSMobile\YDSMobile\metronic\src\plugins\formvalidation\src\js\validators\grid.js
C:\Users\alviorken\source\repos\YDSMobile\YDSMobile\metronic\src\plugins\formvalidation\src\js\validators\grid.js.map
C:\Users\alviorken\source\repos\YDSMobile\YDSMobile\metronic\src\plugins\formvalidation\src\js\validators\hex.js
C:\Users\alviorken\source\repos\YDSMobile\YDSMobile\metronic\src\plugins\formvalidation\src\js\validators\hex.js.map
C:\Users\alviorken\source\repos\YDSMobile\YDSMobile\metronic\src\plugins\formvalidation\src\js\validators\iban.js
C:\Users\alviorken\source\repos\YDSMobile\YDSMobile\metronic\src\plugins\formvalidation\src\js\validators\iban.js.map
C:\Users\alviorken\source\repos\YDSMobile\YDSMobile\metronic\src\plugins\formvalidation\src\js\validators\id\arId.js
C:\Users\alviorken\source\repos\YDSMobile\YDSMobile\metronic\src\plugins\formvalidation\src\js\validators\id\arId.js.map
C:\Users\alviorken\source\repos\YDSMobile\YDSMobile\metronic\src\plugins\formvalidation\src\js\validators\id\jmbg.js
C:\Users\alviorken\source\repos\YDSMobile\YDSMobile\metronic\src\plugins\formvalidation\src\js\validators\id\jmbg.js.map
C:\Users\alviorken\source\repos\YDSMobile\YDSMobile\metronic\src\plugins\formvalidation\src\js\validators\id\baId.js
C:\Users\alviorken\source\repos\YDSMobile\YDSMobile\metronic\src\plugins\formvalidation\src\js\validators\id\baId.js.map
C:\Users\alviorken\source\repos\YDSMobile\YDSMobile\metronic\src\plugins\formvalidation\src\js\validators\id\bgId.js
C:\Users\alviorken\source\repos\YDSMobile\YDSMobile\metronic\src\plugins\formvalidation\src\js\validators\id\bgId.js.map
C:\Users\alviorken\source\repos\YDSMobile\YDSMobile\metronic\src\plugins\formvalidation\src\js\validators\id\brId.js
C:\Users\alviorken\source\repos\YDSMobile\YDSMobile\metronic\src\plugins\formvalidation\src\js\validators\id\brId.js.map
C:\Users\alviorken\source\repos\YDSMobile\YDSMobile\metronic\src\plugins\formvalidation\src\js\validators\id\chId.js
C:\Users\alviorken\source\repos\YDSMobile\YDSMobile\metronic\src\plugins\formvalidation\src\js\validators\id\chId.js.map
C:\Users\alviorken\source\repos\YDSMobile\YDSMobile\metronic\src\plugins\formvalidation\src\js\validators\id\clId.js
C:\Users\alviorken\source\repos\YDSMobile\YDSMobile\metronic\src\plugins\formvalidation\src\js\validators\id\clId.js.map
C:\Users\alviorken\source\repos\YDSMobile\YDSMobile\metronic\src\plugins\formvalidation\src\js\validators\id\cnId.js
C:\Users\alviorken\source\repos\YDSMobile\YDSMobile\metronic\src\plugins\formvalidation\src\js\validators\id\cnId.js.map
C:\Users\alviorken\source\repos\YDSMobile\YDSMobile\metronic\src\plugins\formvalidation\src\js\validators\id\coId.js
C:\Users\alviorken\source\repos\YDSMobile\YDSMobile\metronic\src\plugins\formvalidation\src\js\validators\id\coId.js.map
C:\Users\alviorken\source\repos\YDSMobile\YDSMobile\metronic\src\plugins\formvalidation\src\js\validators\id\czId.js
C:\Users\alviorken\source\repos\YDSMobile\YDSMobile\metronic\src\plugins\formvalidation\src\js\validators\id\czId.js.map
C:\Users\alviorken\source\repos\YDSMobile\YDSMobile\metronic\src\plugins\formvalidation\src\js\validators\id\dkId.js
C:\Users\alviorken\source\repos\YDSMobile\YDSMobile\metronic\src\plugins\formvalidation\src\js\validators\id\dkId.js.map
C:\Users\alviorken\source\repos\YDSMobile\YDSMobile\metronic\src\plugins\formvalidation\src\js\validators\id\esId.js
C:\Users\alviorken\source\repos\YDSMobile\YDSMobile\metronic\src\plugins\formvalidation\src\js\validators\id\esId.js.map
C:\Users\alviorken\source\repos\YDSMobile\YDSMobile\metronic\src\plugins\formvalidation\src\js\validators\id\fiId.js
C:\Users\alviorken\source\repos\YDSMobile\YDSMobile\metronic\src\plugins\formvalidation\src\js\validators\id\fiId.js.map
C:\Users\alviorken\source\repos\YDSMobile\YDSMobile\metronic\src\plugins\formvalidation\src\js\validators\id\frId.js
C:\Users\alviorken\source\repos\YDSMobile\YDSMobile\metronic\src\plugins\formvalidation\src\js\validators\id\frId.js.map
C:\Users\alviorken\source\repos\YDSMobile\YDSMobile\metronic\src\plugins\formvalidation\src\js\validators\id\hkId.js
C:\Users\alviorken\source\repos\YDSMobile\YDSMobile\metronic\src\plugins\formvalidation\src\js\validators\id\hkId.js.map
C:\Users\alviorken\source\repos\YDSMobile\YDSMobile\metronic\src\plugins\formvalidation\src\js\validators\id\hrId.js
C:\Users\alviorken\source\repos\YDSMobile\YDSMobile\metronic\src\plugins\formvalidation\src\js\validators\id\hrId.js.map
C:\Users\alviorken\source\repos\YDSMobile\YDSMobile\metronic\src\plugins\formvalidation\src\js\validators\id\idId.js
C:\Users\alviorken\source\repos\YDSMobile\YDSMobile\metronic\src\plugins\formvalidation\src\js\validators\id\idId.js.map
C:\Users\alviorken\source\repos\YDSMobile\YDSMobile\metronic\src\plugins\formvalidation\src\js\validators\id\ieId.js
C:\Users\alviorken\source\repos\YDSMobile\YDSMobile\metronic\src\plugins\formvalidation\src\js\validators\id\ieId.js.map
C:\Users\alviorken\source\repos\YDSMobile\YDSMobile\metronic\src\plugins\formvalidation\src\js\validators\id\ilId.js
C:\Users\alviorken\source\repos\YDSMobile\YDSMobile\metronic\src\plugins\formvalidation\src\js\validators\id\ilId.js.map
C:\Users\alviorken\source\repos\YDSMobile\YDSMobile\metronic\src\plugins\formvalidation\src\js\validators\id\isId.js
C:\Users\alviorken\source\repos\YDSMobile\YDSMobile\metronic\src\plugins\formvalidation\src\js\validators\id\isId.js.map
C:\Users\alviorken\source\repos\YDSMobile\YDSMobile\metronic\src\plugins\formvalidation\src\js\validators\id\krId.js
C:\Users\alviorken\source\repos\YDSMobile\YDSMobile\metronic\src\plugins\formvalidation\src\js\validators\id\krId.js.map
C:\Users\alviorken\source\repos\YDSMobile\YDSMobile\metronic\src\plugins\formvalidation\src\js\validators\id\ltId.js
C:\Users\alviorken\source\repos\YDSMobile\YDSMobile\metronic\src\plugins\formvalidation\src\js\validators\id\ltId.js.map
C:\Users\alviorken\source\repos\YDSMobile\YDSMobile\metronic\src\plugins\formvalidation\src\js\validators\id\lvId.js
C:\Users\alviorken\source\repos\YDSMobile\YDSMobile\metronic\src\plugins\formvalidation\src\js\validators\id\lvId.js.map
C:\Users\alviorken\source\repos\YDSMobile\YDSMobile\metronic\src\plugins\formvalidation\src\js\validators\id\meId.js
C:\Users\alviorken\source\repos\YDSMobile\YDSMobile\metronic\src\plugins\formvalidation\src\js\validators\id\meId.js.map
C:\Users\alviorken\source\repos\YDSMobile\YDSMobile\metronic\src\plugins\formvalidation\src\js\validators\id\mkId.js
C:\Users\alviorken\source\repos\YDSMobile\YDSMobile\metronic\src\plugins\formvalidation\src\js\validators\id\mkId.js.map
C:\Users\alviorken\source\repos\YDSMobile\YDSMobile\metronic\src\plugins\formvalidation\src\js\validators\id\mxId.js
C:\Users\alviorken\source\repos\YDSMobile\YDSMobile\metronic\src\plugins\formvalidation\src\js\validators\id\mxId.js.map
C:\Users\alviorken\source\repos\YDSMobile\YDSMobile\metronic\src\plugins\formvalidation\src\js\validators\id\myId.js
C:\Users\alviorken\source\repos\YDSMobile\YDSMobile\metronic\src\plugins\formvalidation\src\js\validators\id\myId.js.map
C:\Users\alviorken\source\repos\YDSMobile\YDSMobile\metronic\src\plugins\formvalidation\src\js\validators\id\nlId.js
C:\Users\alviorken\source\repos\YDSMobile\YDSMobile\metronic\src\plugins\formvalidation\src\js\validators\id\nlId.js.map
C:\Users\alviorken\source\repos\YDSMobile\YDSMobile\metronic\src\plugins\formvalidation\src\js\validators\id\noId.js
C:\Users\alviorken\source\repos\YDSMobile\YDSMobile\metronic\src\plugins\formvalidation\src\js\validators\id\noId.js.map
C:\Users\alviorken\source\repos\YDSMobile\YDSMobile\metronic\src\plugins\formvalidation\src\js\validators\id\peId.js
C:\Users\alviorken\source\repos\YDSMobile\YDSMobile\metronic\src\plugins\formvalidation\src\js\validators\id\peId.js.map
C:\Users\alviorken\source\repos\YDSMobile\YDSMobile\metronic\src\plugins\formvalidation\src\js\validators\id\plId.js
C:\Users\alviorken\source\repos\YDSMobile\YDSMobile\metronic\src\plugins\formvalidation\src\js\validators\id\plId.js.map
C:\Users\alviorken\source\repos\YDSMobile\YDSMobile\metronic\src\plugins\formvalidation\src\js\validators\id\roId.js
C:\Users\alviorken\source\repos\YDSMobile\YDSMobile\metronic\src\plugins\formvalidation\src\js\validators\id\roId.js.map
C:\Users\alviorken\source\repos\YDSMobile\YDSMobile\metronic\src\plugins\formvalidation\src\js\validators\id\rsId.js
C:\Users\alviorken\source\repos\YDSMobile\YDSMobile\metronic\src\plugins\formvalidation\src\js\validators\id\rsId.js.map
C:\Users\alviorken\source\repos\YDSMobile\YDSMobile\metronic\src\plugins\formvalidation\src\js\validators\id\seId.js
C:\Users\alviorken\source\repos\YDSMobile\YDSMobile\metronic\src\plugins\formvalidation\src\js\validators\id\seId.js.map
C:\Users\alviorken\source\repos\YDSMobile\YDSMobile\metronic\src\plugins\formvalidation\src\js\validators\id\siId.js
C:\Users\alviorken\source\repos\YDSMobile\YDSMobile\metronic\src\plugins\formvalidation\src\js\validators\id\siId.js.map
C:\Users\alviorken\source\repos\YDSMobile\YDSMobile\metronic\src\plugins\formvalidation\src\js\validators\id\smId.js
C:\Users\alviorken\source\repos\YDSMobile\YDSMobile\metronic\src\plugins\formvalidation\src\js\validators\id\smId.js.map
C:\Users\alviorken\source\repos\YDSMobile\YDSMobile\metronic\src\plugins\formvalidation\src\js\validators\id\thId.js
C:\Users\alviorken\source\repos\YDSMobile\YDSMobile\metronic\src\plugins\formvalidation\src\js\validators\id\thId.js.map
C:\Users\alviorken\source\repos\YDSMobile\YDSMobile\metronic\src\plugins\formvalidation\src\js\validators\id\trId.js
C:\Users\alviorken\source\repos\YDSMobile\YDSMobile\metronic\src\plugins\formvalidation\src\js\validators\id\trId.js.map
C:\Users\alviorken\source\repos\YDSMobile\YDSMobile\metronic\src\plugins\formvalidation\src\js\validators\id\twId.js
C:\Users\alviorken\source\repos\YDSMobile\YDSMobile\metronic\src\plugins\formvalidation\src\js\validators\id\twId.js.map
C:\Users\alviorken\source\repos\YDSMobile\YDSMobile\metronic\src\plugins\formvalidation\src\js\validators\id\uyId.js
C:\Users\alviorken\source\repos\YDSMobile\YDSMobile\metronic\src\plugins\formvalidation\src\js\validators\id\uyId.js.map
C:\Users\alviorken\source\repos\YDSMobile\YDSMobile\metronic\src\plugins\formvalidation\src\js\validators\id\zaId.js
C:\Users\alviorken\source\repos\YDSMobile\YDSMobile\metronic\src\plugins\formvalidation\src\js\validators\id\zaId.js.map
C:\Users\alviorken\source\repos\YDSMobile\YDSMobile\metronic\src\plugins\formvalidation\src\js\validators\id\index.js
C:\Users\alviorken\source\repos\YDSMobile\YDSMobile\metronic\src\plugins\formvalidation\src\js\validators\id\index.js.map
C:\Users\alviorken\source\repos\YDSMobile\YDSMobile\metronic\src\plugins\formvalidation\src\js\validators\imei.js
C:\Users\alviorken\source\repos\YDSMobile\YDSMobile\metronic\src\plugins\formvalidation\src\js\validators\imei.js.map
C:\Users\alviorken\source\repos\YDSMobile\YDSMobile\metronic\src\plugins\formvalidation\src\js\validators\imo.js
C:\Users\alviorken\source\repos\YDSMobile\YDSMobile\metronic\src\plugins\formvalidation\src\js\validators\imo.js.map
C:\Users\alviorken\source\repos\YDSMobile\YDSMobile\metronic\src\plugins\formvalidation\src\js\validators\isbn.js
C:\Users\alviorken\source\repos\YDSMobile\YDSMobile\metronic\src\plugins\formvalidation\src\js\validators\isbn.js.map
C:\Users\alviorken\source\repos\YDSMobile\YDSMobile\metronic\src\plugins\formvalidation\src\js\validators\isin.js
C:\Users\alviorken\source\repos\YDSMobile\YDSMobile\metronic\src\plugins\formvalidation\src\js\validators\isin.js.map
C:\Users\alviorken\source\repos\YDSMobile\YDSMobile\metronic\src\plugins\formvalidation\src\js\validators\ismn.js
C:\Users\alviorken\source\repos\YDSMobile\YDSMobile\metronic\src\plugins\formvalidation\src\js\validators\ismn.js.map
C:\Users\alviorken\source\repos\YDSMobile\YDSMobile\metronic\src\plugins\formvalidation\src\js\validators\issn.js
C:\Users\alviorken\source\repos\YDSMobile\YDSMobile\metronic\src\plugins\formvalidation\src\js\validators\issn.js.map
C:\Users\alviorken\source\repos\YDSMobile\YDSMobile\metronic\src\plugins\formvalidation\src\js\validators\mac.js
C:\Users\alviorken\source\repos\YDSMobile\YDSMobile\metronic\src\plugins\formvalidation\src\js\validators\mac.js.map
C:\Users\alviorken\source\repos\YDSMobile\YDSMobile\metronic\src\plugins\formvalidation\src\js\validators\meid.js
C:\Users\alviorken\source\repos\YDSMobile\YDSMobile\metronic\src\plugins\formvalidation\src\js\validators\meid.js.map
C:\Users\alviorken\source\repos\YDSMobile\YDSMobile\metronic\src\plugins\formvalidation\src\js\validators\phone.js
C:\Users\alviorken\source\repos\YDSMobile\YDSMobile\metronic\src\plugins\formvalidation\src\js\validators\phone.js.map
C:\Users\alviorken\source\repos\YDSMobile\YDSMobile\metronic\src\plugins\formvalidation\src\js\validators\rtn.js
C:\Users\alviorken\source\repos\YDSMobile\YDSMobile\metronic\src\plugins\formvalidation\src\js\validators\rtn.js.map
C:\Users\alviorken\source\repos\YDSMobile\YDSMobile\metronic\src\plugins\formvalidation\src\js\validators\sedol.js
C:\Users\alviorken\source\repos\YDSMobile\YDSMobile\metronic\src\plugins\formvalidation\src\js\validators\sedol.js.map
C:\Users\alviorken\source\repos\YDSMobile\YDSMobile\metronic\src\plugins\formvalidation\src\js\validators\siren.js
C:\Users\alviorken\source\repos\YDSMobile\YDSMobile\metronic\src\plugins\formvalidation\src\js\validators\siren.js.map
C:\Users\alviorken\source\repos\YDSMobile\YDSMobile\metronic\src\plugins\formvalidation\src\js\validators\siret.js
C:\Users\alviorken\source\repos\YDSMobile\YDSMobile\metronic\src\plugins\formvalidation\src\js\validators\siret.js.map
C:\Users\alviorken\source\repos\YDSMobile\YDSMobile\metronic\src\plugins\formvalidation\src\js\validators\step.js
C:\Users\alviorken\source\repos\YDSMobile\YDSMobile\metronic\src\plugins\formvalidation\src\js\validators\step.js.map
C:\Users\alviorken\source\repos\YDSMobile\YDSMobile\metronic\src\plugins\formvalidation\src\js\validators\uuid.js
C:\Users\alviorken\source\repos\YDSMobile\YDSMobile\metronic\src\plugins\formvalidation\src\js\validators\uuid.js.map
C:\Users\alviorken\source\repos\YDSMobile\YDSMobile\metronic\src\plugins\formvalidation\src\js\validators\vat\arVat.js
C:\Users\alviorken\source\repos\YDSMobile\YDSMobile\metronic\src\plugins\formvalidation\src\js\validators\vat\arVat.js.map
C:\Users\alviorken\source\repos\YDSMobile\YDSMobile\metronic\src\plugins\formvalidation\src\js\validators\vat\atVat.js
C:\Users\alviorken\source\repos\YDSMobile\YDSMobile\metronic\src\plugins\formvalidation\src\js\validators\vat\atVat.js.map
C:\Users\alviorken\source\repos\YDSMobile\YDSMobile\metronic\src\plugins\formvalidation\src\js\validators\vat\beVat.js
C:\Users\alviorken\source\repos\YDSMobile\YDSMobile\metronic\src\plugins\formvalidation\src\js\validators\vat\beVat.js.map
C:\Users\alviorken\source\repos\YDSMobile\YDSMobile\metronic\src\plugins\formvalidation\src\js\validators\vat\bgVat.js
C:\Users\alviorken\source\repos\YDSMobile\YDSMobile\metronic\src\plugins\formvalidation\src\js\validators\vat\bgVat.js.map
C:\Users\alviorken\source\repos\YDSMobile\YDSMobile\metronic\src\plugins\formvalidation\src\js\validators\vat\brVat.js
C:\Users\alviorken\source\repos\YDSMobile\YDSMobile\metronic\src\plugins\formvalidation\src\js\validators\vat\brVat.js.map
C:\Users\alviorken\source\repos\YDSMobile\YDSMobile\metronic\src\plugins\formvalidation\src\js\validators\vat\chVat.js
C:\Users\alviorken\source\repos\YDSMobile\YDSMobile\metronic\src\plugins\formvalidation\src\js\validators\vat\chVat.js.map
C:\Users\alviorken\source\repos\YDSMobile\YDSMobile\metronic\src\plugins\formvalidation\src\js\validators\vat\cyVat.js
C:\Users\alviorken\source\repos\YDSMobile\YDSMobile\metronic\src\plugins\formvalidation\src\js\validators\vat\cyVat.js.map
C:\Users\alviorken\source\repos\YDSMobile\YDSMobile\metronic\src\plugins\formvalidation\src\js\validators\vat\czVat.js
C:\Users\alviorken\source\repos\YDSMobile\YDSMobile\metronic\src\plugins\formvalidation\src\js\validators\vat\czVat.js.map
C:\Users\alviorken\source\repos\YDSMobile\YDSMobile\metronic\src\plugins\formvalidation\src\js\validators\vat\deVat.js
C:\Users\alviorken\source\repos\YDSMobile\YDSMobile\metronic\src\plugins\formvalidation\src\js\validators\vat\deVat.js.map
C:\Users\alviorken\source\repos\YDSMobile\YDSMobile\metronic\src\plugins\formvalidation\src\js\validators\vat\dkVat.js
C:\Users\alviorken\source\repos\YDSMobile\YDSMobile\metronic\src\plugins\formvalidation\src\js\validators\vat\dkVat.js.map
C:\Users\alviorken\source\repos\YDSMobile\YDSMobile\metronic\src\plugins\formvalidation\src\js\validators\vat\eeVat.js
C:\Users\alviorken\source\repos\YDSMobile\YDSMobile\metronic\src\plugins\formvalidation\src\js\validators\vat\eeVat.js.map
C:\Users\alviorken\source\repos\YDSMobile\YDSMobile\metronic\src\plugins\formvalidation\src\js\validators\vat\esVat.js
C:\Users\alviorken\source\repos\YDSMobile\YDSMobile\metronic\src\plugins\formvalidation\src\js\validators\vat\esVat.js.map
C:\Users\alviorken\source\repos\YDSMobile\YDSMobile\metronic\src\plugins\formvalidation\src\js\validators\vat\fiVat.js
C:\Users\alviorken\source\repos\YDSMobile\YDSMobile\metronic\src\plugins\formvalidation\src\js\validators\vat\fiVat.js.map
C:\Users\alviorken\source\repos\YDSMobile\YDSMobile\metronic\src\plugins\formvalidation\src\js\validators\vat\frVat.js
C:\Users\alviorken\source\repos\YDSMobile\YDSMobile\metronic\src\plugins\formvalidation\src\js\validators\vat\frVat.js.map
C:\Users\alviorken\source\repos\YDSMobile\YDSMobile\metronic\src\plugins\formvalidation\src\js\validators\vat\gbVat.js
C:\Users\alviorken\source\repos\YDSMobile\YDSMobile\metronic\src\plugins\formvalidation\src\js\validators\vat\gbVat.js.map
C:\Users\alviorken\source\repos\YDSMobile\YDSMobile\metronic\src\plugins\formvalidation\src\js\validators\vat\grVat.js
C:\Users\alviorken\source\repos\YDSMobile\YDSMobile\metronic\src\plugins\formvalidation\src\js\validators\vat\grVat.js.map
C:\Users\alviorken\source\repos\YDSMobile\YDSMobile\metronic\src\plugins\formvalidation\src\js\validators\vat\hrVat.js
C:\Users\alviorken\source\repos\YDSMobile\YDSMobile\metronic\src\plugins\formvalidation\src\js\validators\vat\hrVat.js.map
C:\Users\alviorken\source\repos\YDSMobile\YDSMobile\metronic\src\plugins\formvalidation\src\js\validators\vat\huVat.js
C:\Users\alviorken\source\repos\YDSMobile\YDSMobile\metronic\src\plugins\formvalidation\src\js\validators\vat\huVat.js.map
C:\Users\alviorken\source\repos\YDSMobile\YDSMobile\metronic\src\plugins\formvalidation\src\js\validators\vat\ieVat.js
C:\Users\alviorken\source\repos\YDSMobile\YDSMobile\metronic\src\plugins\formvalidation\src\js\validators\vat\ieVat.js.map
C:\Users\alviorken\source\repos\YDSMobile\YDSMobile\metronic\src\plugins\formvalidation\src\js\validators\vat\isVat.js
C:\Users\alviorken\source\repos\YDSMobile\YDSMobile\metronic\src\plugins\formvalidation\src\js\validators\vat\isVat.js.map
C:\Users\alviorken\source\repos\YDSMobile\YDSMobile\metronic\src\plugins\formvalidation\src\js\validators\vat\itVat.js
C:\Users\alviorken\source\repos\YDSMobile\YDSMobile\metronic\src\plugins\formvalidation\src\js\validators\vat\itVat.js.map
C:\Users\alviorken\source\repos\YDSMobile\YDSMobile\metronic\src\plugins\formvalidation\src\js\validators\vat\ltVat.js
C:\Users\alviorken\source\repos\YDSMobile\YDSMobile\metronic\src\plugins\formvalidation\src\js\validators\vat\ltVat.js.map
C:\Users\alviorken\source\repos\YDSMobile\YDSMobile\metronic\src\plugins\formvalidation\src\js\validators\vat\luVat.js
C:\Users\alviorken\source\repos\YDSMobile\YDSMobile\metronic\src\plugins\formvalidation\src\js\validators\vat\luVat.js.map
C:\Users\alviorken\source\repos\YDSMobile\YDSMobile\metronic\src\plugins\formvalidation\src\js\validators\vat\lvVat.js
C:\Users\alviorken\source\repos\YDSMobile\YDSMobile\metronic\src\plugins\formvalidation\src\js\validators\vat\lvVat.js.map
C:\Users\alviorken\source\repos\YDSMobile\YDSMobile\metronic\src\plugins\formvalidation\src\js\validators\vat\mtVat.js
C:\Users\alviorken\source\repos\YDSMobile\YDSMobile\metronic\src\plugins\formvalidation\src\js\validators\vat\mtVat.js.map
C:\Users\alviorken\source\repos\YDSMobile\YDSMobile\metronic\src\plugins\formvalidation\src\js\validators\vat\nlVat.js
C:\Users\alviorken\source\repos\YDSMobile\YDSMobile\metronic\src\plugins\formvalidation\src\js\validators\vat\nlVat.js.map
C:\Users\alviorken\source\repos\YDSMobile\YDSMobile\metronic\src\plugins\formvalidation\src\js\validators\vat\noVat.js
C:\Users\alviorken\source\repos\YDSMobile\YDSMobile\metronic\src\plugins\formvalidation\src\js\validators\vat\noVat.js.map
C:\Users\alviorken\source\repos\YDSMobile\YDSMobile\metronic\src\plugins\formvalidation\src\js\validators\vat\plVat.js
C:\Users\alviorken\source\repos\YDSMobile\YDSMobile\metronic\src\plugins\formvalidation\src\js\validators\vat\plVat.js.map
C:\Users\alviorken\source\repos\YDSMobile\YDSMobile\metronic\src\plugins\formvalidation\src\js\validators\vat\ptVat.js
C:\Users\alviorken\source\repos\YDSMobile\YDSMobile\metronic\src\plugins\formvalidation\src\js\validators\vat\ptVat.js.map
C:\Users\alviorken\source\repos\YDSMobile\YDSMobile\metronic\src\plugins\formvalidation\src\js\validators\vat\roVat.js
C:\Users\alviorken\source\repos\YDSMobile\YDSMobile\metronic\src\plugins\formvalidation\src\js\validators\vat\roVat.js.map
C:\Users\alviorken\source\repos\YDSMobile\YDSMobile\metronic\src\plugins\formvalidation\src\js\validators\vat\rsVat.js
C:\Users\alviorken\source\repos\YDSMobile\YDSMobile\metronic\src\plugins\formvalidation\src\js\validators\vat\rsVat.js.map
C:\Users\alviorken\source\repos\YDSMobile\YDSMobile\metronic\src\plugins\formvalidation\src\js\validators\vat\ruVat.js
C:\Users\alviorken\source\repos\YDSMobile\YDSMobile\metronic\src\plugins\formvalidation\src\js\validators\vat\ruVat.js.map
C:\Users\alviorken\source\repos\YDSMobile\YDSMobile\metronic\src\plugins\formvalidation\src\js\validators\vat\seVat.js
C:\Users\alviorken\source\repos\YDSMobile\YDSMobile\metronic\src\plugins\formvalidation\src\js\validators\vat\seVat.js.map
C:\Users\alviorken\source\repos\YDSMobile\YDSMobile\metronic\src\plugins\formvalidation\src\js\validators\vat\siVat.js
C:\Users\alviorken\source\repos\YDSMobile\YDSMobile\metronic\src\plugins\formvalidation\src\js\validators\vat\siVat.js.map
C:\Users\alviorken\source\repos\YDSMobile\YDSMobile\metronic\src\plugins\formvalidation\src\js\validators\vat\skVat.js
C:\Users\alviorken\source\repos\YDSMobile\YDSMobile\metronic\src\plugins\formvalidation\src\js\validators\vat\skVat.js.map
C:\Users\alviorken\source\repos\YDSMobile\YDSMobile\metronic\src\plugins\formvalidation\src\js\validators\vat\veVat.js
C:\Users\alviorken\source\repos\YDSMobile\YDSMobile\metronic\src\plugins\formvalidation\src\js\validators\vat\veVat.js.map
C:\Users\alviorken\source\repos\YDSMobile\YDSMobile\metronic\src\plugins\formvalidation\src\js\validators\vat\zaVat.js
C:\Users\alviorken\source\repos\YDSMobile\YDSMobile\metronic\src\plugins\formvalidation\src\js\validators\vat\zaVat.js.map
C:\Users\alviorken\source\repos\YDSMobile\YDSMobile\metronic\src\plugins\formvalidation\src\js\validators\vat\index.js
C:\Users\alviorken\source\repos\YDSMobile\YDSMobile\metronic\src\plugins\formvalidation\src\js\validators\vat\index.js.map
C:\Users\alviorken\source\repos\YDSMobile\YDSMobile\metronic\src\plugins\formvalidation\src\js\validators\vin.js
C:\Users\alviorken\source\repos\YDSMobile\YDSMobile\metronic\src\plugins\formvalidation\src\js\validators\vin.js.map
C:\Users\alviorken\source\repos\YDSMobile\YDSMobile\metronic\src\plugins\formvalidation\src\js\validators\zipCode.js
C:\Users\alviorken\source\repos\YDSMobile\YDSMobile\metronic\src\plugins\formvalidation\src\js\validators\zipCode.js.map
C:\Users\alviorken\source\repos\YDSMobile\YDSMobile\metronic\src\plugins\formvalidation\src\js\validators\index-full.js
C:\Users\alviorken\source\repos\YDSMobile\YDSMobile\metronic\src\plugins\formvalidation\src\js\validators\index-full.js.map
